Copyright 1986-2020 Xilinx, Inc. All Rights Reserved.
--------------------------------------------------------------------------------------------------------------------------------------------------
| Tool Version : Vivado v.2020.1 (win64) Build 2902540 Wed May 27 19:54:49 MDT 2020
| Date         : Mon Dec  7 20:29:09 2020
| Host         : DESKTOP-8SDEMCC running 64-bit major release  (build 9200)
| Command      : report_methodology -file lab9_methodology_drc_routed.rpt -pb lab9_methodology_drc_routed.pb -rpx lab9_methodology_drc_routed.rpx
| Design       : lab9
| Device       : xc7a35ticsg324-1L
| Speed File   : -1L
| Design State : Fully Routed
--------------------------------------------------------------------------------------------------------------------------------------------------

Report Methodology

Table of Contents
-----------------
1. REPORT SUMMARY
2. REPORT DETAILS

1. REPORT SUMMARY
-----------------
            Netlist: netlist
          Floorplan: design_1
      Design limits: <entire design considered>
             Max violations: <unlimited>
             Violations found: 70
+-----------+----------+-------------------------------+------------+
| Rule      | Severity | Description                   | Violations |
+-----------+----------+-------------------------------+------------+
| TIMING-18 | Warning  | Missing input or output delay | 16         |
| TIMING-20 | Warning  | Non-clocked latch             | 54         |
+-----------+----------+-------------------------------+------------+

2. REPORT DETAILS
-----------------
TIMING-18#1 Warning
Missing input or output delay  
An input delay is missing on reset_n relative to clock(s) sys_clk_pin
Related violations: <none>

TIMING-18#2 Warning
Missing input or output delay  
An input delay is missing on usr_btn[0] relative to clock(s) sys_clk_pin
Related violations: <none>

TIMING-18#3 Warning
Missing input or output delay  
An input delay is missing on usr_btn[1] relative to clock(s) sys_clk_pin
Related violations: <none>

TIMING-18#4 Warning
Missing input or output delay  
An input delay is missing on usr_btn[2] relative to clock(s) sys_clk_pin
Related violations: <none>

TIMING-18#5 Warning
Missing input or output delay  
An input delay is missing on usr_btn[3] relative to clock(s) sys_clk_pin
Related violations: <none>

TIMING-18#6 Warning
Missing input or output delay  
An output delay is missing on LCD_D[0] relative to clock(s) sys_clk_pin
Related violations: <none>

TIMING-18#7 Warning
Missing input or output delay  
An output delay is missing on LCD_D[1] relative to clock(s) sys_clk_pin
Related violations: <none>

TIMING-18#8 Warning
Missing input or output delay  
An output delay is missing on LCD_D[2] relative to clock(s) sys_clk_pin
Related violations: <none>

TIMING-18#9 Warning
Missing input or output delay  
An output delay is missing on LCD_D[3] relative to clock(s) sys_clk_pin
Related violations: <none>

TIMING-18#10 Warning
Missing input or output delay  
An output delay is missing on LCD_E relative to clock(s) sys_clk_pin
Related violations: <none>

TIMING-18#11 Warning
Missing input or output delay  
An output delay is missing on LCD_RS relative to clock(s) sys_clk_pin
Related violations: <none>

TIMING-18#12 Warning
Missing input or output delay  
An output delay is missing on LCD_RW relative to clock(s) sys_clk_pin
Related violations: <none>

TIMING-18#13 Warning
Missing input or output delay  
An output delay is missing on usr_led[0] relative to clock(s) sys_clk_pin
Related violations: <none>

TIMING-18#14 Warning
Missing input or output delay  
An output delay is missing on usr_led[1] relative to clock(s) sys_clk_pin
Related violations: <none>

TIMING-18#15 Warning
Missing input or output delay  
An output delay is missing on usr_led[2] relative to clock(s) sys_clk_pin
Related violations: <none>

TIMING-18#16 Warning
Missing input or output delay  
An output delay is missing on usr_led[3] relative to clock(s) sys_clk_pin
Related violations: <none>

TIMING-20#1 Warning
Non-clocked latch  
The latch FSM_onehot_P_next_reg[0] cannot be properly analyzed as its control pin FSM_onehot_P_next_reg[0]/G is not reached by a timing clock
Related violations: <none>

TIMING-20#2 Warning
Non-clocked latch  
The latch FSM_onehot_P_next_reg[1] cannot be properly analyzed as its control pin FSM_onehot_P_next_reg[1]/G is not reached by a timing clock
Related violations: <none>

TIMING-20#3 Warning
Non-clocked latch  
The latch FSM_onehot_P_next_reg[2] cannot be properly analyzed as its control pin FSM_onehot_P_next_reg[2]/G is not reached by a timing clock
Related violations: <none>

TIMING-20#4 Warning
Non-clocked latch  
The latch FSM_onehot_P_next_reg[3] cannot be properly analyzed as its control pin FSM_onehot_P_next_reg[3]/G is not reached by a timing clock
Related violations: <none>

TIMING-20#5 Warning
Non-clocked latch  
The latch digest0/P_next_reg[0] cannot be properly analyzed as its control pin digest0/P_next_reg[0]/G is not reached by a timing clock
Related violations: <none>

TIMING-20#6 Warning
Non-clocked latch  
The latch digest0/P_next_reg[1] cannot be properly analyzed as its control pin digest0/P_next_reg[1]/G is not reached by a timing clock
Related violations: <none>

TIMING-20#7 Warning
Non-clocked latch  
The latch digest0/P_next_reg[2] cannot be properly analyzed as its control pin digest0/P_next_reg[2]/G is not reached by a timing clock
Related violations: <none>

TIMING-20#8 Warning
Non-clocked latch  
The latch digest0/P_next_reg[3] cannot be properly analyzed as its control pin digest0/P_next_reg[3]/G is not reached by a timing clock
Related violations: <none>

TIMING-20#9 Warning
Non-clocked latch  
The latch digest0/P_next_reg[4] cannot be properly analyzed as its control pin digest0/P_next_reg[4]/G is not reached by a timing clock
Related violations: <none>

TIMING-20#10 Warning
Non-clocked latch  
The latch digest1/P_next_reg[0] cannot be properly analyzed as its control pin digest1/P_next_reg[0]/G is not reached by a timing clock
Related violations: <none>

TIMING-20#11 Warning
Non-clocked latch  
The latch digest1/P_next_reg[1] cannot be properly analyzed as its control pin digest1/P_next_reg[1]/G is not reached by a timing clock
Related violations: <none>

TIMING-20#12 Warning
Non-clocked latch  
The latch digest1/P_next_reg[2] cannot be properly analyzed as its control pin digest1/P_next_reg[2]/G is not reached by a timing clock
Related violations: <none>

TIMING-20#13 Warning
Non-clocked latch  
The latch digest1/P_next_reg[3] cannot be properly analyzed as its control pin digest1/P_next_reg[3]/G is not reached by a timing clock
Related violations: <none>

TIMING-20#14 Warning
Non-clocked latch  
The latch digest1/P_next_reg[4] cannot be properly analyzed as its control pin digest1/P_next_reg[4]/G is not reached by a timing clock
Related violations: <none>

TIMING-20#15 Warning
Non-clocked latch  
The latch digest2/P_next_reg[0] cannot be properly analyzed as its control pin digest2/P_next_reg[0]/G is not reached by a timing clock
Related violations: <none>

TIMING-20#16 Warning
Non-clocked latch  
The latch digest2/P_next_reg[1] cannot be properly analyzed as its control pin digest2/P_next_reg[1]/G is not reached by a timing clock
Related violations: <none>

TIMING-20#17 Warning
Non-clocked latch  
The latch digest2/P_next_reg[2] cannot be properly analyzed as its control pin digest2/P_next_reg[2]/G is not reached by a timing clock
Related violations: <none>

TIMING-20#18 Warning
Non-clocked latch  
The latch digest2/P_next_reg[3] cannot be properly analyzed as its control pin digest2/P_next_reg[3]/G is not reached by a timing clock
Related violations: <none>

TIMING-20#19 Warning
Non-clocked latch  
The latch digest2/P_next_reg[4] cannot be properly analyzed as its control pin digest2/P_next_reg[4]/G is not reached by a timing clock
Related violations: <none>

TIMING-20#20 Warning
Non-clocked latch  
The latch digest3/P_next_reg[0] cannot be properly analyzed as its control pin digest3/P_next_reg[0]/G is not reached by a timing clock
Related violations: <none>

TIMING-20#21 Warning
Non-clocked latch  
The latch digest3/P_next_reg[1] cannot be properly analyzed as its control pin digest3/P_next_reg[1]/G is not reached by a timing clock
Related violations: <none>

TIMING-20#22 Warning
Non-clocked latch  
The latch digest3/P_next_reg[2] cannot be properly analyzed as its control pin digest3/P_next_reg[2]/G is not reached by a timing clock
Related violations: <none>

TIMING-20#23 Warning
Non-clocked latch  
The latch digest3/P_next_reg[3] cannot be properly analyzed as its control pin digest3/P_next_reg[3]/G is not reached by a timing clock
Related violations: <none>

TIMING-20#24 Warning
Non-clocked latch  
The latch digest3/P_next_reg[4] cannot be properly analyzed as its control pin digest3/P_next_reg[4]/G is not reached by a timing clock
Related violations: <none>

TIMING-20#25 Warning
Non-clocked latch  
The latch digest4/P_next_reg[0] cannot be properly analyzed as its control pin digest4/P_next_reg[0]/G is not reached by a timing clock
Related violations: <none>

TIMING-20#26 Warning
Non-clocked latch  
The latch digest4/P_next_reg[1] cannot be properly analyzed as its control pin digest4/P_next_reg[1]/G is not reached by a timing clock
Related violations: <none>

TIMING-20#27 Warning
Non-clocked latch  
The latch digest4/P_next_reg[2] cannot be properly analyzed as its control pin digest4/P_next_reg[2]/G is not reached by a timing clock
Related violations: <none>

TIMING-20#28 Warning
Non-clocked latch  
The latch digest4/P_next_reg[3] cannot be properly analyzed as its control pin digest4/P_next_reg[3]/G is not reached by a timing clock
Related violations: <none>

TIMING-20#29 Warning
Non-clocked latch  
The latch digest4/P_next_reg[4] cannot be properly analyzed as its control pin digest4/P_next_reg[4]/G is not reached by a timing clock
Related violations: <none>

TIMING-20#30 Warning
Non-clocked latch  
The latch digest5/P_next_reg[0] cannot be properly analyzed as its control pin digest5/P_next_reg[0]/G is not reached by a timing clock
Related violations: <none>

TIMING-20#31 Warning
Non-clocked latch  
The latch digest5/P_next_reg[1] cannot be properly analyzed as its control pin digest5/P_next_reg[1]/G is not reached by a timing clock
Related violations: <none>

TIMING-20#32 Warning
Non-clocked latch  
The latch digest5/P_next_reg[2] cannot be properly analyzed as its control pin digest5/P_next_reg[2]/G is not reached by a timing clock
Related violations: <none>

TIMING-20#33 Warning
Non-clocked latch  
The latch digest5/P_next_reg[3] cannot be properly analyzed as its control pin digest5/P_next_reg[3]/G is not reached by a timing clock
Related violations: <none>

TIMING-20#34 Warning
Non-clocked latch  
The latch digest5/P_next_reg[4] cannot be properly analyzed as its control pin digest5/P_next_reg[4]/G is not reached by a timing clock
Related violations: <none>

TIMING-20#35 Warning
Non-clocked latch  
The latch digest6/P_next_reg[0] cannot be properly analyzed as its control pin digest6/P_next_reg[0]/G is not reached by a timing clock
Related violations: <none>

TIMING-20#36 Warning
Non-clocked latch  
The latch digest6/P_next_reg[1] cannot be properly analyzed as its control pin digest6/P_next_reg[1]/G is not reached by a timing clock
Related violations: <none>

TIMING-20#37 Warning
Non-clocked latch  
The latch digest6/P_next_reg[2] cannot be properly analyzed as its control pin digest6/P_next_reg[2]/G is not reached by a timing clock
Related violations: <none>

TIMING-20#38 Warning
Non-clocked latch  
The latch digest6/P_next_reg[3] cannot be properly analyzed as its control pin digest6/P_next_reg[3]/G is not reached by a timing clock
Related violations: <none>

TIMING-20#39 Warning
Non-clocked latch  
The latch digest6/P_next_reg[4] cannot be properly analyzed as its control pin digest6/P_next_reg[4]/G is not reached by a timing clock
Related violations: <none>

TIMING-20#40 Warning
Non-clocked latch  
The latch digest7/P_next_reg[0] cannot be properly analyzed as its control pin digest7/P_next_reg[0]/G is not reached by a timing clock
Related violations: <none>

TIMING-20#41 Warning
Non-clocked latch  
The latch digest7/P_next_reg[1] cannot be properly analyzed as its control pin digest7/P_next_reg[1]/G is not reached by a timing clock
Related violations: <none>

TIMING-20#42 Warning
Non-clocked latch  
The latch digest7/P_next_reg[2] cannot be properly analyzed as its control pin digest7/P_next_reg[2]/G is not reached by a timing clock
Related violations: <none>

TIMING-20#43 Warning
Non-clocked latch  
The latch digest7/P_next_reg[3] cannot be properly analyzed as its control pin digest7/P_next_reg[3]/G is not reached by a timing clock
Related violations: <none>

TIMING-20#44 Warning
Non-clocked latch  
The latch digest7/P_next_reg[4] cannot be properly analyzed as its control pin digest7/P_next_reg[4]/G is not reached by a timing clock
Related violations: <none>

TIMING-20#45 Warning
Non-clocked latch  
The latch digest8/P_next_reg[0] cannot be properly analyzed as its control pin digest8/P_next_reg[0]/G is not reached by a timing clock
Related violations: <none>

TIMING-20#46 Warning
Non-clocked latch  
The latch digest8/P_next_reg[1] cannot be properly analyzed as its control pin digest8/P_next_reg[1]/G is not reached by a timing clock
Related violations: <none>

TIMING-20#47 Warning
Non-clocked latch  
The latch digest8/P_next_reg[2] cannot be properly analyzed as its control pin digest8/P_next_reg[2]/G is not reached by a timing clock
Related violations: <none>

TIMING-20#48 Warning
Non-clocked latch  
The latch digest8/P_next_reg[3] cannot be properly analyzed as its control pin digest8/P_next_reg[3]/G is not reached by a timing clock
Related violations: <none>

TIMING-20#49 Warning
Non-clocked latch  
The latch digest8/P_next_reg[4] cannot be properly analyzed as its control pin digest8/P_next_reg[4]/G is not reached by a timing clock
Related violations: <none>

TIMING-20#50 Warning
Non-clocked latch  
The latch digest9/P_next_reg[0] cannot be properly analyzed as its control pin digest9/P_next_reg[0]/G is not reached by a timing clock
Related violations: <none>

TIMING-20#51 Warning
Non-clocked latch  
The latch digest9/P_next_reg[1] cannot be properly analyzed as its control pin digest9/P_next_reg[1]/G is not reached by a timing clock
Related violations: <none>

TIMING-20#52 Warning
Non-clocked latch  
The latch digest9/P_next_reg[2] cannot be properly analyzed as its control pin digest9/P_next_reg[2]/G is not reached by a timing clock
Related violations: <none>

TIMING-20#53 Warning
Non-clocked latch  
The latch digest9/P_next_reg[3] cannot be properly analyzed as its control pin digest9/P_next_reg[3]/G is not reached by a timing clock
Related violations: <none>

TIMING-20#54 Warning
Non-clocked latch  
The latch digest9/P_next_reg[4] cannot be properly analyzed as its control pin digest9/P_next_reg[4]/G is not reached by a timing clock
Related violations: <none>


